<?xml version="1.0" encoding="UTF-8"?>
<!-- Generated by org.testng.reporters.JUnitXMLReporter -->
<testsuite ignored="0" hostname="KPrathiksha" failures="0" tests="4" name="Default test" time="0.034" errors="0" timestamp="2022-07-15T22:35:36 IST">
  <testcase classname="annotaions.Registration_Page" name="confirmEmail" time="0.004"/>
  <testcase classname="annotaions.Registration_Page" name="emailId" time="0.0"/>
  <testcase classname="annotaions.Registration_Page" name="fName" time="0.001"/>
  <testcase classname="annotaions.Registration_Page" name="lName" time="0.001"/>
</testsuite> <!-- Default test -->
