<?xml version="1.0" encoding="UTF-8"?>
<!-- Generated by org.testng.reporters.JUnitXMLReporter -->
<testsuite ignored="2" hostname="KPrathiksha" failures="0" tests="1" name="Car Loan" time="0.003" errors="0" timestamp="2022-07-15T20:40:32 IST">
  <testcase classname="test.day3" name="WebLoginHomeLoan" time="0.001"/>
  <testcase classname="test.day3" name="ApiLoginHomeLoan" time="0.0">
    <ignored/>
  </testcase> <!-- ApiLoginHomeLoan -->
  <testcase classname="test.day3" name="MobileLoginHomeLoan" time="0.0">
    <ignored/>
  </testcase> <!-- MobileLoginHomeLoan -->
</testsuite> <!-- Car Loan -->
