<?xml version="1.0" encoding="UTF-8"?>
<!-- Generated by org.testng.reporters.JUnitXMLReporter -->
<testsuite ignored="0" hostname="KPrathiksha" failures="0" tests="9" name="Personl loan" time="0.05" errors="0" timestamp="2022-07-15T22:20:45 IST">
  <testcase classname="test.day1" name="firstTest" time="0.006"/>
  <testcase classname="test.day1" name="secondTest" time="0.001"/>
  <testcase classname="test.day2" name="ploan" time="0.001"/>
  <testcase classname="test.day3" name="ApiLoginHomeLoan" time="0.001"/>
  <testcase classname="test.day3" name="MobileLoginHomeLoan" time="0.0"/>
  <testcase classname="test.day3" name="WebLoginHomeLoan" time="0.001"/>
  <testcase classname="test.day4" name="ApiLoginCarLoan" time="0.001"/>
  <testcase classname="test.day4" name="MobileLoginCarLoan" time="0.001"/>
  <testcase classname="test.day4" name="WebLoginCarLoan" time="0.001"/>
</testsuite> <!-- Personl loan -->
